<?xml version="1.0" encoding="UTF-8"?>
<testng-results ignored="0" total="1" passed="1" failed="0" skipped="0">
  <reporter-output>
  </reporter-output>
  <suite started-at="2021-06-30T07:49:06Z" name="Default suite" finished-at="2021-06-30T07:49:15Z" duration-ms="9567">
    <groups>
    </groups>
    <test started-at="2021-06-30T07:49:06Z" name="Default test" finished-at="2021-06-30T07:49:15Z" duration-ms="9567">
      <class name="test.GridExample">
        <test-method signature="mailTest()[pri:0, instance:test.GridExample@79ad8b2f]" started-at="2021-06-30T13:19:06Z" name="mailTest" finished-at="2021-06-30T13:19:15Z" duration-ms="9554" status="PASS">
          <reporter-output>
          </reporter-output>
        </test-method> <!-- mailTest -->
      </class> <!-- test.GridExample -->
    </test> <!-- Default test -->
  </suite> <!-- Default suite -->
</testng-results>
