<?xml version="1.0" encoding="UTF-8"?>
<!-- Generated by org.testng.reporters.JUnitXMLReporter -->
<testsuite ignored="2" hostname="BRILAP3245" failures="0" tests="3" name="GRP-logout,login,openBrowser" time="0.027" errors="0" timestamp="28 Jun 2021 07:21:33 GMT">
  <testcase classname="First.DependsTestNG" name="OpenBrowser" time="0.01"/>
  <testcase classname="First.DependsTestNG" name="login" time="0.001"/>
  <testcase classname="First.DependsTestNG" name="logout" time="0.001"/>
  <testcase classname="First.DependsTestNG" name="viewAccount" time="0.0">
    <ignored/>
  </testcase> <!-- viewAccount -->
  <testcase classname="First.DependsTestNG" name="viewAccount2" time="0.0">
    <ignored/>
  </testcase> <!-- viewAccount2 -->
</testsuite> <!-- GRP-logout,login,openBrowser -->
